<?xml version="1.0" encoding="UTF-8"?>
<!-- Generated by org.testng.reporters.JUnitXMLReporter -->
<testsuite ignored="0" hostname="DESKTOP-E0CEB8K" failures="0" tests="6" name="Car Loan" time="0.206" errors="0" timestamp="2024-05-27T00:10:27 GMT-07:00">
  <testcase classname="test.Demo3" name="MobileCarlogin" time="0.005"/>
  <testcase classname="test.Demo3" name="WebApicarloan" time="0.02"/>
  <testcase classname="test.Demo3" name="WebloginCarLoan" time="0.003"/>
  <testcase classname="test.Demo4" name="MobileHomelogin" time="0.006"/>
  <testcase classname="test.Demo4" name="WebApiHomeloan" time="0.008"/>
  <testcase classname="test.Demo4" name="WebloginHomeLoan" time="0.011"/>
</testsuite> <!-- Car Loan -->
