<?xml version="1.0" encoding="UTF-8"?>
<!-- Generated by org.testng.reporters.JUnitXMLReporter -->
<testsuite ignored="3" hostname="DESKTOP-E0CEB8K" failures="0" tests="2" name="Regression" time="0.085" errors="0" timestamp="2024-05-25T08:20:08 GMT-07:00">
  <testcase classname="test.Basic" name="Demo" time="0.012"/>
  <testcase classname="test.Demo3" name="WebApicarloan" time="0.003"/>
  <testcase classname="test.Demo3" name="WebloginCarLoan" time="0.0">
    <ignored/>
  </testcase> <!-- WebloginCarLoan -->
  <testcase classname="test.Basic" name="second" time="0.0">
    <ignored/>
  </testcase> <!-- second -->
  <testcase classname="test.Demo3" name="MobileCarlogin" time="0.0">
    <ignored/>
  </testcase> <!-- MobileCarlogin -->
</testsuite> <!-- Regression -->
